<?xml version="1.0" encoding="UTF-8"?>
<testng-results skipped="0" failed="0" ignored="0" total="1" passed="1">
  <reporter-output>
  </reporter-output>
  <suite name="Default suite" duration-ms="32048" started-at="2018-01-14T08:04:00Z" finished-at="2018-01-14T08:04:32Z">
    <groups>
    </groups>
    <test name="Default test" duration-ms="32048" started-at="2018-01-14T08:04:00Z" finished-at="2018-01-14T08:04:32Z">
      <class name="com.qa.tests.ApiTests">
        <test-method status="PASS" signature="setup()[pri:0, instance:com.qa.tests.ApiTests@2d7275fc]" name="setup" is-config="true" duration-ms="2206" started-at="2018-01-14T13:34:00Z" finished-at="2018-01-14T13:34:02Z">
          <reporter-output>
          </reporter-output>
        </test-method> <!-- setup -->
        <test-method status="PASS" signature="apiTest()[pri:0, instance:com.qa.tests.ApiTests@2d7275fc]" name="apiTest" duration-ms="29780" started-at="2018-01-14T13:34:02Z" finished-at="2018-01-14T13:34:32Z">
          <reporter-output>
          </reporter-output>
        </test-method> <!-- apiTest -->
      </class> <!-- com.qa.tests.ApiTests -->
    </test> <!-- Default test -->
  </suite> <!-- Default suite -->
</testng-results>
